This file contains any messages produced by compilers while
running configure, to aid debugging if configure makes a mistake.

It was created by pygtk configure 2.24.0, which was
generated by GNU Autoconf 2.67.  Invocation command line was

  $ ./configure 

## --------- ##
## Platform. ##
## --------- ##

hostname = kidio-ThinkPad-T430
uname -m = x86_64
uname -r = 3.5.0-23-generic
uname -s = Linux
uname -v = #35-Ubuntu SMP Thu Jan 24 13:15:40 UTC 2013

/usr/bin/uname -p = unknown
/bin/uname -X     = unknown

/bin/arch              = unknown
/usr/bin/arch -k       = unknown
/usr/convex/getsysinfo = unknown
/usr/bin/hostinfo      = unknown
/bin/machine           = unknown
/usr/bin/oslevel       = unknown
/bin/universe          = unknown

PATH: /home/kidio/ffmpeg/mingw-w64-i686/bin
PATH: /home/kidio/ffmpeg/mingw-w64-x86_64/bin
PATH: /home/kidio/ffmpeg/mingw-w64-i686/bin
PATH: /home/kidio/ffmpeg/mingw-w64-x86_64/bin
PATH: /usr/lib/lightdm/lightdm
PATH: /usr/local/sbin
PATH: /usr/local/bin
PATH: /usr/sbin
PATH: /usr/bin
PATH: /sbin
PATH: /bin
PATH: /usr/games
PATH: /usr/local/games
PATH: /home/kidio/.rvm/bin
PATH: /home/kidio/hadoop//bin
PATH: /usr/local/MATLAB/R2012a/bin
PATH: /opt/hbase-0.90.4-cdh3u3/bin
PATH: /opt/zookeeper-3.3.4-cdh3u3/bin
PATH: /home/kidio/.rvm/bin
PATH: /home/kidio/hadoop//bin
PATH: /usr/local/MATLAB/R2012a/bin
PATH: /opt/hbase-0.90.4-cdh3u3/bin
PATH: /opt/zookeeper-3.3.4-cdh3u3/bin


## ----------- ##
## Core tests. ##
## ----------- ##

configure:2491: checking for a BSD-compatible install
configure:2559: result: /usr/bin/install -c
configure:2570: checking whether build environment is sane
configure:2620: result: yes
configure:2761: checking for a thread-safe mkdir -p
configure:2800: result: /bin/mkdir -p
configure:2813: checking for gawk
configure:2843: result: no
configure:2813: checking for mawk
configure:2829: found /usr/bin/mawk
configure:2840: result: mawk
configure:2851: checking whether make sets $(MAKE)
configure:2873: result: yes
configure:2965: checking for style of include used by make
configure:2993: result: GNU
configure:3063: checking for gcc
configure:3079: found /usr/bin/gcc
configure:3090: result: gcc
configure:3319: checking for C compiler version
configure:3328: gcc --version >&5
gcc (Ubuntu/Linaro 4.7.2-2ubuntu1) 4.7.2
Copyright (C) 2012 Free Software Foundation, Inc.
This is free software; see the source for copying conditions.  There is NO
warranty; not even for MERCHANTABILITY or FITNESS FOR A PARTICULAR PURPOSE.

configure:3339: $? = 0
configure:3328: gcc -v >&5
Using built-in specs.
COLLECT_GCC=gcc
COLLECT_LTO_WRAPPER=/usr/lib/gcc/x86_64-linux-gnu/4.7/lto-wrapper
Target: x86_64-linux-gnu
Configured with: ../src/configure -v --with-pkgversion='Ubuntu/Linaro 4.7.2-2ubuntu1' --with-bugurl=file:///usr/share/doc/gcc-4.7/README.Bugs --enable-languages=c,c++,go,fortran,objc,obj-c++ --prefix=/usr --program-suffix=-4.7 --enable-shared --enable-linker-build-id --with-system-zlib --libexecdir=/usr/lib --without-included-gettext --enable-threads=posix --with-gxx-include-dir=/usr/include/c++/4.7 --libdir=/usr/lib --enable-nls --with-sysroot=/ --enable-clocale=gnu --enable-libstdcxx-debug --enable-libstdcxx-time=yes --enable-gnu-unique-object --enable-plugin --enable-objc-gc --disable-werror --with-arch-32=i686 --with-tune=generic --enable-checking=release --build=x86_64-linux-gnu --host=x86_64-linux-gnu --target=x86_64-linux-gnu
Thread model: posix
gcc version 4.7.2 (Ubuntu/Linaro 4.7.2-2ubuntu1) 
configure:3339: $? = 0
configure:3328: gcc -V >&5
gcc: error: unrecognized command line option '-V'
gcc: fatal error: no input files
compilation terminated.
configure:3339: $? = 4
configure:3328: gcc -qversion >&5
gcc: error: unrecognized command line option '-qversion'
gcc: fatal error: no input files
compilation terminated.
configure:3339: $? = 4
configure:3359: checking whether the C compiler works
configure:3381: gcc    conftest.c  >&5
configure:3385: $? = 0
configure:3433: result: yes
configure:3436: checking for C compiler default output file name
configure:3438: result: a.out
configure:3444: checking for suffix of executables
configure:3451: gcc -o conftest    conftest.c  >&5
configure:3455: $? = 0
configure:3477: result: 
configure:3499: checking whether we are cross compiling
configure:3507: gcc -o conftest    conftest.c  >&5
configure:3511: $? = 0
configure:3518: ./conftest
configure:3522: $? = 0
configure:3537: result: no
configure:3542: checking for suffix of object files
configure:3564: gcc -c   conftest.c >&5
configure:3568: $? = 0
configure:3589: result: o
configure:3593: checking whether we are using the GNU C compiler
configure:3612: gcc -c   conftest.c >&5
configure:3612: $? = 0
configure:3621: result: yes
configure:3630: checking whether gcc accepts -g
configure:3650: gcc -c -g  conftest.c >&5
configure:3650: $? = 0
configure:3691: result: yes
configure:3708: checking for gcc option to accept ISO C89
configure:3772: gcc  -c -g -O2  conftest.c >&5
configure:3772: $? = 0
configure:3785: result: none needed
configure:3807: checking dependency style of gcc
configure:3917: result: gcc3
configure:3935: checking for bind_textdomain_codeset
configure:3935: gcc -o conftest -g -O2   conftest.c  >&5
configure:3935: $? = 0
configure:3935: result: yes
configure:3951: checking build system type
configure:3965: result: x86_64-unknown-linux-gnu
configure:3985: checking host system type
configure:3998: result: x86_64-unknown-linux-gnu
configure:4018: checking for some Win32 platform
configure:4028: result: no
configure:4039: checking for native Win32
configure:4049: result: no
configure:4422: checking for a sed that does not truncate output
configure:4486: result: /bin/sed
configure:4504: checking for grep that handles long lines and -e
configure:4562: result: /bin/grep
configure:4567: checking for egrep
configure:4629: result: /bin/grep -E
configure:4634: checking for fgrep
configure:4696: result: /bin/grep -F
configure:4731: checking for ld used by gcc
configure:4798: result: /usr/bin/ld
configure:4805: checking if the linker (/usr/bin/ld) is GNU ld
configure:4820: result: yes
configure:4832: checking for BSD- or MS-compatible name lister (nm)
configure:4881: result: /usr/bin/nm -B
configure:4999: checking the name lister (/usr/bin/nm -B) interface
configure:5006: gcc -c -g -O2  conftest.c >&5
configure:5009: /usr/bin/nm -B "conftest.o"
configure:5012: output
0000000000000000 B some_variable
configure:5019: result: BSD nm
configure:5022: checking whether ln -s works
configure:5026: result: yes
configure:5034: checking the maximum length of command line arguments
configure:5154: result: 1572864
configure:5171: checking whether the shell understands some XSI constructs
configure:5181: result: yes
configure:5185: checking whether the shell understands "+="
configure:5191: result: yes
configure:5226: checking for /usr/bin/ld option to reload object files
configure:5233: result: -r
configure:5302: checking for objdump
configure:5329: result: objdump
configure:5358: checking how to recognize dependent libraries
configure:5554: result: pass_all
configure:5614: checking for ar
configure:5630: found /usr/bin/ar
configure:5641: result: ar
configure:5719: checking for strip
configure:5735: found /usr/bin/strip
configure:5746: result: strip
configure:5818: checking for ranlib
configure:5834: found /usr/bin/ranlib
configure:5845: result: ranlib
configure:5935: checking command to parse /usr/bin/nm -B output from gcc object
configure:6053: gcc -c -g -O2  conftest.c >&5
configure:6056: $? = 0
configure:6060: /usr/bin/nm -B conftest.o \| sed -n -e 's/^.*[	 ]\([ABCDGIRSTW][ABCDGIRSTW]*\)[	 ][	 ]*\([_A-Za-z][_A-Za-z0-9]*\)$/\1 \2 \2/p' \> conftest.nm
configure:6063: $? = 0
configure:6117: gcc -o conftest -g -O2   conftest.c conftstm.o >&5
configure:6120: $? = 0
configure:6158: result: ok
configure:6253: gcc -c -g -O2  conftest.c >&5
configure:6256: $? = 0
configure:6966: checking how to run the C preprocessor
configure:6997: gcc -E  conftest.c
configure:6997: $? = 0
configure:7011: gcc -E  conftest.c
conftest.c:15:28: fatal error: ac_nonexistent.h: No such file or directory
compilation terminated.
configure:7011: $? = 1
configure: failed program was:
| /* confdefs.h */
| #define PACKAGE_NAME "pygtk"
| #define PACKAGE_TARNAME "pygtk"
| #define PACKAGE_VERSION "2.24.0"
| #define PACKAGE_STRING "pygtk 2.24.0"
| #define PACKAGE_BUGREPORT "http://bugzilla.gnome.org/enter_bug.cgi?product=pygtk"
| #define PACKAGE_URL ""
| #define PYGTK_MAJOR_VERSION 2
| #define PYGTK_MINOR_VERSION 24
| #define PYGTK_MICRO_VERSION 0
| #define PACKAGE "pygtk"
| #define VERSION "2.24.0"
| #define HAVE_BIND_TEXTDOMAIN_CODESET 1
| /* end confdefs.h.  */
| #include <ac_nonexistent.h>
configure:7036: result: gcc -E
configure:7056: gcc -E  conftest.c
configure:7056: $? = 0
configure:7070: gcc -E  conftest.c
conftest.c:15:28: fatal error: ac_nonexistent.h: No such file or directory
compilation terminated.
configure:7070: $? = 1
configure: failed program was:
| /* confdefs.h */
| #define PACKAGE_NAME "pygtk"
| #define PACKAGE_TARNAME "pygtk"
| #define PACKAGE_VERSION "2.24.0"
| #define PACKAGE_STRING "pygtk 2.24.0"
| #define PACKAGE_BUGREPORT "http://bugzilla.gnome.org/enter_bug.cgi?product=pygtk"
| #define PACKAGE_URL ""
| #define PYGTK_MAJOR_VERSION 2
| #define PYGTK_MINOR_VERSION 24
| #define PYGTK_MICRO_VERSION 0
| #define PACKAGE "pygtk"
| #define VERSION "2.24.0"
| #define HAVE_BIND_TEXTDOMAIN_CODESET 1
| /* end confdefs.h.  */
| #include <ac_nonexistent.h>
configure:7099: checking for ANSI C header files
configure:7119: gcc -c -g -O2  conftest.c >&5
configure:7119: $? = 0
configure:7192: gcc -o conftest -g -O2   conftest.c  >&5
configure:7192: $? = 0
configure:7192: ./conftest
configure:7192: $? = 0
configure:7203: result: yes
configure:7216: checking for sys/types.h
configure:7216: gcc -c -g -O2  conftest.c >&5
configure:7216: $? = 0
configure:7216: result: yes
configure:7216: checking for sys/stat.h
configure:7216: gcc -c -g -O2  conftest.c >&5
configure:7216: $? = 0
configure:7216: result: yes
configure:7216: checking for stdlib.h
configure:7216: gcc -c -g -O2  conftest.c >&5
configure:7216: $? = 0
configure:7216: result: yes
configure:7216: checking for string.h
configure:7216: gcc -c -g -O2  conftest.c >&5
configure:7216: $? = 0
configure:7216: result: yes
configure:7216: checking for memory.h
configure:7216: gcc -c -g -O2  conftest.c >&5
configure:7216: $? = 0
configure:7216: result: yes
configure:7216: checking for strings.h
configure:7216: gcc -c -g -O2  conftest.c >&5
configure:7216: $? = 0
configure:7216: result: yes
configure:7216: checking for inttypes.h
configure:7216: gcc -c -g -O2  conftest.c >&5
configure:7216: $? = 0
configure:7216: result: yes
configure:7216: checking for stdint.h
configure:7216: gcc -c -g -O2  conftest.c >&5
configure:7216: $? = 0
configure:7216: result: yes
configure:7216: checking for unistd.h
configure:7216: gcc -c -g -O2  conftest.c >&5
configure:7216: $? = 0
configure:7216: result: yes
configure:7230: checking for dlfcn.h
configure:7230: gcc -c -g -O2  conftest.c >&5
configure:7230: $? = 0
configure:7230: result: yes
configure:7382: checking for objdir
configure:7397: result: .libs
configure:7689: checking if gcc supports -fno-rtti -fno-exceptions
configure:7707: gcc -c -g -O2  -fno-rtti -fno-exceptions conftest.c >&5
cc1: warning: command line option '-fno-rtti' is valid for C++/ObjC++ but not for C [enabled by default]
configure:7711: $? = 0
configure:7724: result: no
configure:7744: checking for gcc option to produce PIC
configure:8016: result: -fPIC -DPIC
configure:8028: checking if gcc PIC flag -fPIC -DPIC works
configure:8046: gcc -c -g -O2  -fPIC -DPIC -DPIC conftest.c >&5
configure:8050: $? = 0
configure:8063: result: yes
configure:8087: checking if gcc static flag -static works
configure:8115: result: yes
configure:8130: checking if gcc supports -c -o file.o
configure:8151: gcc -c -g -O2  -o out/conftest2.o conftest.c >&5
configure:8155: $? = 0
configure:8177: result: yes
configure:8185: checking if gcc supports -c -o file.o
configure:8232: result: yes
configure:8265: checking whether the gcc linker (/usr/bin/ld -m elf_x86_64) supports shared libraries
configure:9256: result: yes
configure:9293: checking whether -lc should be explicitly linked in
configure:9298: gcc -c -g -O2  conftest.c >&5
configure:9301: $? = 0
configure:9316: gcc -shared conftest.o  -v -Wl,-soname -Wl,conftest -o conftest 2\>\&1 \| /bin/grep  -lc  \>/dev/null 2\>\&1
configure:9319: $? = 0
configure:9331: result: no
configure:9495: checking dynamic linker characteristics
configure:9928: gcc -o conftest -g -O2   -Wl,-rpath -Wl,/foo conftest.c  >&5
configure:9928: $? = 0
configure:10158: result: GNU/Linux ld.so
configure:10260: checking how to hardcode library paths into programs
configure:10285: result: immediate
configure:10805: checking whether stripping libraries is possible
configure:10810: result: yes
configure:10845: checking if libtool supports shared libraries
configure:10847: result: yes
configure:10850: checking whether to build shared libraries
configure:10871: result: yes
configure:10874: checking whether to build static libraries
configure:10878: result: no
configure:10914: creating ./config.lt

## ------------------ ##
## Running config.lt. ##
## ------------------ ##
config.lt:623: creating libtool
configure:12311: checking for a Python interpreter with version >= 2.3.5
configure:12328: python -c import sys # split strings by '.' and convert to numeric. Append some zeros # because we need at least 4 digits for the hex conversion. # map returns an iterator in Python 3.0 and a list in 2.x minver = list(map(int, '2.3.5'.split('.'))) + [0, 0, 0] minverhex = 0 # xrange is not present in Python 3.0 and range returns an iterator for i in list(range(0, 4)): minverhex = (minverhex << 8) + minver[i] sys.exit(sys.hexversion < minverhex)
configure:12331: $? = 0
configure:12337: result: python
configure:12345: checking for python
configure:12363: found /usr/bin/python
configure:12375: result: /usr/bin/python
configure:12393: checking for python version
configure:12400: result: 2.7
configure:12412: checking for python platform
configure:12419: result: linux2
configure:12426: checking for python script directory
configure:12455: result: ${prefix}/lib/python2.7/dist-packages
configure:12464: checking for python extension module directory
configure:12493: result: ${exec_prefix}/lib/python2.7/dist-packages
configure:12508: checking for headers required to compile python extensions
configure:12527: gcc -E  -I/usr/include/python2.7 -I/usr/include/python2.7 conftest.c
configure:12527: $? = 0
configure:12528: result: found
configure:12540: checking for PySignal_SetWakeupFd in Python.h
configure:12556: gcc -c -g -O2 -Wall -Werror -I/usr/include/python2.7 -I/usr/include/python2.7 conftest.c >&5
configure:12556: $? = 0
configure:12562: result: yes
configure:12581: checking for python module thread
configure:12607: result: yes
configure:12678: checking whether to enable threading in pygtk
configure:12683: result: yes
configure:12779: checking for pkg-config
configure:12797: found /usr/bin/pkg-config
configure:12809: result: /usr/bin/pkg-config
configure:12834: checking pkg-config is at least version 0.16
configure:12837: result: yes
configure:12854: checking for GLIB - version >= 2.8.0
configure:12968: gcc -o conftest -g -O2 -pthread -I/usr/include/glib-2.0 -I/usr/lib/x86_64-linux-gnu/glib-2.0/include      conftest.c -pthread -lgobject-2.0 -lgthread-2.0 -lrt -lglib-2.0    >&5
configure:12968: $? = 0
configure:12968: ./conftest
configure:12968: $? = 0
configure:12982: result: yes (version 2.34.1)
configure:13054: checking for PYGOBJECT
configure:13061: $PKG_CONFIG --exists --print-errors "pygobject-2.0 >= 2.21.3"
configure:13064: $? = 0
configure:13077: $PKG_CONFIG --exists --print-errors "pygobject-2.0 >= 2.21.3"
configure:13080: $? = 0
configure:13137: result: yes
configure:13152: checking for gio-types.defs
configure:13163: result: /usr/share/pygobject/2.0/defs/gio-types.defs
configure:13187: checking for ATK
configure:13194: $PKG_CONFIG --exists --print-errors "atk >= 1.12.0"
Package atk was not found in the pkg-config search path.
Perhaps you should add the directory containing `atk.pc'
to the PKG_CONFIG_PATH environment variable
No package 'atk' found
configure:13197: $? = 1
configure:13210: $PKG_CONFIG --exists --print-errors "atk >= 1.12.0"
Package atk was not found in the pkg-config search path.
Perhaps you should add the directory containing `atk.pc'
to the PKG_CONFIG_PATH environment variable
No package 'atk' found
configure:13213: $? = 1
configure:13226: result: no
No package 'atk' found
configure:13270: checking for PANGO
configure:13277: $PKG_CONFIG --exists --print-errors "pango >= 1.16.0"
Package pango was not found in the pkg-config search path.
Perhaps you should add the directory containing `pango.pc'
to the PKG_CONFIG_PATH environment variable
No package 'pango' found
configure:13280: $? = 1
configure:13293: $PKG_CONFIG --exists --print-errors "pango >= 1.16.0"
Package pango was not found in the pkg-config search path.
Perhaps you should add the directory containing `pango.pc'
to the PKG_CONFIG_PATH environment variable
No package 'pango' found
configure:13296: $? = 1
configure:13309: result: no
No package 'pango' found
configure:13353: checking for codegen
configure:13360: result: /usr/share/pygobject/2.0/codegen
configure:13370: checking for PYCAIRO
configure:13377: $PKG_CONFIG --exists --print-errors "pycairo >= 1.0.2"
Package pycairo was not found in the pkg-config search path.
Perhaps you should add the directory containing `pycairo.pc'
to the PKG_CONFIG_PATH environment variable
No package 'pycairo' found
configure:13380: $? = 1
configure:13393: $PKG_CONFIG --exists --print-errors "pycairo >= 1.0.2"
Package pycairo was not found in the pkg-config search path.
Perhaps you should add the directory containing `pycairo.pc'
to the PKG_CONFIG_PATH environment variable
No package 'pycairo' found
configure:13396: $? = 1
configure:13409: result: no
No package 'pycairo' found
configure:14567: result: no
configure:14569: result: not checking for gtk due to missing pycairo
configure:14673: checking for GDK target
configure:14677: result: (unknown)
configure:14679: WARNING: unable to determine the GDK target system; some functions may not be available
configure:14709: checking for numpy/arrayobject.h
configure:14709: gcc -c -g -O2   -I/usr/include/python2.7 -I/usr/include/python2.7 -I/usr/lib/python2.7/dist-packages/numpy/core/include conftest.c >&5
configure:14709: $? = 0
configure:14709: result: yes
configure:14735: checking whether gcc understands -Wall
configure:14748: gcc -c -g -O2 -Wall   -I/usr/lib/python2.7/dist-packages/numpy/core/include conftest.c >&5
configure:14748: $? = 0
configure:14754: result: yes
configure:14768: checking whether gcc understands -fno-strict-aliasing
configure:14781: gcc -c -g -O2 -Wall -fno-strict-aliasing   -I/usr/lib/python2.7/dist-packages/numpy/core/include conftest.c >&5
configure:14781: $? = 0
configure:14787: result: yes
configure:14806: checking whether gcc understands -std=c9x
configure:14819: gcc -c -g -O2 -Wall -fno-strict-aliasing -std=c9x   -I/usr/lib/python2.7/dist-packages/numpy/core/include conftest.c >&5
configure:14819: $? = 0
configure:14825: result: yes
configure:15082: creating ./config.status

## ---------------------- ##
## Running config.status. ##
## ---------------------- ##

This file was extended by pygtk config.status 2.24.0, which was
generated by GNU Autoconf 2.67.  Invocation command line was

  CONFIG_FILES    = 
  CONFIG_HEADERS  = 
  CONFIG_LINKS    = 
  CONFIG_COMMANDS = 
  $ ./config.status 

on kidio-ThinkPad-T430

config.status:1195: creating Makefile
config.status:1195: creating pygtk-2.0.pc
config.status:1195: creating pygtk-codegen-2.0
config.status:1195: creating gtk/Makefile
config.status:1195: creating docs/Makefile
config.status:1195: creating docs/reference/entities.docbook
config.status:1195: creating examples/Makefile
config.status:1195: creating tests/Makefile
config.status:1195: creating pygtk.spec
config.status:1195: creating PKG-INFO
config.status:1195: creating config.h
config.status:1423: executing depfiles commands
config.status:1423: executing libtool commands

## ---------------- ##
## Cache variables. ##
## ---------------- ##

ac_cv_build=x86_64-unknown-linux-gnu
ac_cv_c_compiler_gnu=yes
ac_cv_env_ATK_CFLAGS_set=
ac_cv_env_ATK_CFLAGS_value=
ac_cv_env_ATK_LIBS_set=
ac_cv_env_ATK_LIBS_value=
ac_cv_env_CC_set=
ac_cv_env_CC_value=
ac_cv_env_CFLAGS_set=
ac_cv_env_CFLAGS_value=
ac_cv_env_CPPFLAGS_set=
ac_cv_env_CPPFLAGS_value=
ac_cv_env_CPP_set=
ac_cv_env_CPP_value=
ac_cv_env_GTK210_CFLAGS_set=
ac_cv_env_GTK210_CFLAGS_value=
ac_cv_env_GTK210_LIBS_set=
ac_cv_env_GTK210_LIBS_value=
ac_cv_env_GTK212_CFLAGS_set=
ac_cv_env_GTK212_CFLAGS_value=
ac_cv_env_GTK212_LIBS_set=
ac_cv_env_GTK212_LIBS_value=
ac_cv_env_GTK214_CFLAGS_set=
ac_cv_env_GTK214_CFLAGS_value=
ac_cv_env_GTK214_LIBS_set=
ac_cv_env_GTK214_LIBS_value=
ac_cv_env_GTK216_CFLAGS_set=
ac_cv_env_GTK216_CFLAGS_value=
ac_cv_env_GTK216_LIBS_set=
ac_cv_env_GTK216_LIBS_value=
ac_cv_env_GTK218_CFLAGS_set=
ac_cv_env_GTK218_CFLAGS_value=
ac_cv_env_GTK218_LIBS_set=
ac_cv_env_GTK218_LIBS_value=
ac_cv_env_GTK220_CFLAGS_set=
ac_cv_env_GTK220_CFLAGS_value=
ac_cv_env_GTK220_LIBS_set=
ac_cv_env_GTK220_LIBS_value=
ac_cv_env_GTK222_CFLAGS_set=
ac_cv_env_GTK222_CFLAGS_value=
ac_cv_env_GTK222_LIBS_set=
ac_cv_env_GTK222_LIBS_value=
ac_cv_env_GTK224_CFLAGS_set=
ac_cv_env_GTK224_CFLAGS_value=
ac_cv_env_GTK224_LIBS_set=
ac_cv_env_GTK224_LIBS_value=
ac_cv_env_GTKUNIXPRINT_CFLAGS_set=
ac_cv_env_GTKUNIXPRINT_CFLAGS_value=
ac_cv_env_GTKUNIXPRINT_LIBS_set=
ac_cv_env_GTKUNIXPRINT_LIBS_value=
ac_cv_env_GTK_CFLAGS_set=
ac_cv_env_GTK_CFLAGS_value=
ac_cv_env_GTK_LIBS_set=
ac_cv_env_GTK_LIBS_value=
ac_cv_env_LDFLAGS_set=
ac_cv_env_LDFLAGS_value=
ac_cv_env_LIBGLADE_CFLAGS_set=
ac_cv_env_LIBGLADE_CFLAGS_value=
ac_cv_env_LIBGLADE_LIBS_set=
ac_cv_env_LIBGLADE_LIBS_value=
ac_cv_env_LIBS_set=
ac_cv_env_LIBS_value=
ac_cv_env_PANGOCAIRO_CFLAGS_set=
ac_cv_env_PANGOCAIRO_CFLAGS_value=
ac_cv_env_PANGOCAIRO_LIBS_set=
ac_cv_env_PANGOCAIRO_LIBS_value=
ac_cv_env_PANGO_CFLAGS_set=
ac_cv_env_PANGO_CFLAGS_value=
ac_cv_env_PANGO_LIBS_set=
ac_cv_env_PANGO_LIBS_value=
ac_cv_env_PKG_CONFIG_LIBDIR_set=
ac_cv_env_PKG_CONFIG_LIBDIR_value=
ac_cv_env_PKG_CONFIG_PATH_set=
ac_cv_env_PKG_CONFIG_PATH_value=
ac_cv_env_PKG_CONFIG_set=
ac_cv_env_PKG_CONFIG_value=
ac_cv_env_PYCAIRO_CFLAGS_set=
ac_cv_env_PYCAIRO_CFLAGS_value=
ac_cv_env_PYCAIRO_LIBS_set=
ac_cv_env_PYCAIRO_LIBS_value=
ac_cv_env_PYGOBJECT_CFLAGS_set=
ac_cv_env_PYGOBJECT_CFLAGS_value=
ac_cv_env_PYGOBJECT_LIBS_set=
ac_cv_env_PYGOBJECT_LIBS_value=
ac_cv_env_build_alias_set=
ac_cv_env_build_alias_value=
ac_cv_env_host_alias_set=
ac_cv_env_host_alias_value=
ac_cv_env_target_alias_set=
ac_cv_env_target_alias_value=
ac_cv_func_bind_textdomain_codeset=yes
ac_cv_header_dlfcn_h=yes
ac_cv_header_inttypes_h=yes
ac_cv_header_memory_h=yes
ac_cv_header_numpy_arrayobject_h=yes
ac_cv_header_stdc=yes
ac_cv_header_stdint_h=yes
ac_cv_header_stdlib_h=yes
ac_cv_header_string_h=yes
ac_cv_header_strings_h=yes
ac_cv_header_sys_stat_h=yes
ac_cv_header_sys_types_h=yes
ac_cv_header_unistd_h=yes
ac_cv_host=x86_64-unknown-linux-gnu
ac_cv_objext=o
ac_cv_path_EGREP='/bin/grep -E'
ac_cv_path_FGREP='/bin/grep -F'
ac_cv_path_GREP=/bin/grep
ac_cv_path_PYTHON=/usr/bin/python
ac_cv_path_SED=/bin/sed
ac_cv_path_ac_pt_PKG_CONFIG=/usr/bin/pkg-config
ac_cv_path_install='/usr/bin/install -c'
ac_cv_path_mkdir=/bin/mkdir
ac_cv_prog_AWK=mawk
ac_cv_prog_CPP='gcc -E'
ac_cv_prog_ac_ct_AR=ar
ac_cv_prog_ac_ct_CC=gcc
ac_cv_prog_ac_ct_OBJDUMP=objdump
ac_cv_prog_ac_ct_RANLIB=ranlib
ac_cv_prog_ac_ct_STRIP=strip
ac_cv_prog_cc_c89=
ac_cv_prog_cc_g=yes
ac_cv_prog_make_make_set=yes
am_cv_CC_dependencies_compiler_type=gcc3
am_cv_pathless_PYTHON=python
am_cv_python_platform=linux2
am_cv_python_pyexecdir='${exec_prefix}/lib/python2.7/dist-packages'
am_cv_python_pythondir='${prefix}/lib/python2.7/dist-packages'
am_cv_python_version=2.7
lt_cv_deplibs_check_method=pass_all
lt_cv_file_magic_cmd='$MAGIC_CMD'
lt_cv_file_magic_test_file=
lt_cv_ld_reload_flag=-r
lt_cv_nm_interface='BSD nm'
lt_cv_objdir=.libs
lt_cv_path_LD=/usr/bin/ld
lt_cv_path_NM='/usr/bin/nm -B'
lt_cv_prog_compiler_c_o=yes
lt_cv_prog_compiler_pic_works=yes
lt_cv_prog_compiler_rtti_exceptions=no
lt_cv_prog_compiler_static_works=yes
lt_cv_prog_gnu_ld=yes
lt_cv_sys_global_symbol_pipe='sed -n -e '\''s/^.*[	 ]\([ABCDGIRSTW][ABCDGIRSTW]*\)[	 ][	 ]*\([_A-Za-z][_A-Za-z0-9]*\)$/\1 \2 \2/p'\'''
lt_cv_sys_global_symbol_to_c_name_address='sed -n -e '\''s/^: \([^ ]*\) $/  {\"\1\", (void *) 0},/p'\'' -e '\''s/^[ABCDGIRSTW]* \([^ ]*\) \([^ ]*\)$/  {"\2", (void *) \&\2},/p'\'''
lt_cv_sys_global_symbol_to_c_name_address_lib_prefix='sed -n -e '\''s/^: \([^ ]*\) $/  {\"\1\", (void *) 0},/p'\'' -e '\''s/^[ABCDGIRSTW]* \([^ ]*\) \(lib[^ ]*\)$/  {"\2", (void *) \&\2},/p'\'' -e '\''s/^[ABCDGIRSTW]* \([^ ]*\) \([^ ]*\)$/  {"lib\2", (void *) \&\2},/p'\'''
lt_cv_sys_global_symbol_to_cdecl='sed -n -e '\''s/^T .* \(.*\)$/extern int \1();/p'\'' -e '\''s/^[ABCDGIRSTW]* .* \(.*\)$/extern char \1;/p'\'''
lt_cv_sys_max_cmd_len=1572864
pkg_cv_PYGOBJECT_CFLAGS='-I/usr/include/glib-2.0 -I/usr/lib/x86_64-linux-gnu/glib-2.0/include -I/usr/include/pygtk-2.0  '
pkg_cv_PYGOBJECT_LIBS='-lgobject-2.0 -lglib-2.0  '
py_cv_mod_thread_=yes

## ----------------- ##
## Output variables. ##
## ----------------- ##

ACLOCAL='${SHELL} /home/kidio/python/virtualEnv/hackernews/build/pygtk/missing --run aclocal-1.11 '
ACLOCAL_AMFLAGS='-I m4 -I .'
AMDEPBACKSLASH='\'
AMDEP_FALSE='#'
AMDEP_TRUE=''
AMTAR='${SHELL} /home/kidio/python/virtualEnv/hackernews/build/pygtk/missing --run tar'
AR='ar'
AS='as'
ATK_CFLAGS=''
ATK_LIBS=''
AUTOCONF='${SHELL} /home/kidio/python/virtualEnv/hackernews/build/pygtk/missing --run autoconf'
AUTOHEADER='${SHELL} /home/kidio/python/virtualEnv/hackernews/build/pygtk/missing --run autoheader'
AUTOMAKE='${SHELL} /home/kidio/python/virtualEnv/hackernews/build/pygtk/missing --run automake-1.11'
AWK='mawk'
BUILD_ATK_FALSE=''
BUILD_ATK_TRUE='#'
BUILD_GTKUNIXPRINT_FALSE=''
BUILD_GTKUNIXPRINT_TRUE='#'
BUILD_GTK_FALSE=''
BUILD_GTK_TRUE='#'
BUILD_LIBGLADE_FALSE=''
BUILD_LIBGLADE_TRUE='#'
BUILD_PANGOCAIRO_FALSE=''
BUILD_PANGOCAIRO_TRUE='#'
BUILD_PANGO_FALSE=''
BUILD_PANGO_TRUE='#'
CC='gcc'
CCDEPMODE='depmode=gcc3'
CFLAGS='-g -O2 -Wall -fno-strict-aliasing -std=c9x'
CODEGENDIR='/usr/share/pygobject/2.0/codegen'
CPP='gcc -E'
CPPFLAGS='  -I/usr/lib/python2.7/dist-packages/numpy/core/include'
CYGPATH_W='echo'
DEFS='-DHAVE_CONFIG_H'
DEPDIR='.deps'
DLLTOOL='dlltool'
DSYMUTIL=''
DUMPBIN=''
ECHO_C=''
ECHO_N='-n'
ECHO_T=''
EGREP='/bin/grep -E'
ENABLE_DOCS_FALSE=''
ENABLE_DOCS_TRUE='#'
EXEEXT=''
FGREP='/bin/grep -F'
GLIB_CFLAGS='-pthread -I/usr/include/glib-2.0 -I/usr/lib/x86_64-linux-gnu/glib-2.0/include  '
GLIB_GENMARSHAL='glib-genmarshal'
GLIB_LIBS='-pthread -lgobject-2.0 -lgthread-2.0 -lrt -lglib-2.0'
GLIB_MKENUMS='glib-mkenums'
GOBJECT_QUERY='gobject-query'
GREP='/bin/grep'
GTK210_CFLAGS=''
GTK210_LIBS=''
GTK212_CFLAGS=''
GTK212_LIBS=''
GTK214_CFLAGS=''
GTK214_LIBS=''
GTK216_CFLAGS=''
GTK216_LIBS=''
GTK218_CFLAGS=''
GTK218_LIBS=''
GTK220_CFLAGS=''
GTK220_LIBS=''
GTK222_CFLAGS=''
GTK222_LIBS=''
GTK224_CFLAGS=''
GTK224_LIBS=''
GTKUNIXPRINT_CFLAGS=''
GTKUNIXPRINT_LIBS=''
GTK_CFLAGS=''
GTK_LIBS=''
HAVE_GIO_TYPES_DEFS_FALSE='#'
HAVE_GIO_TYPES_DEFS_TRUE=''
HAVE_GTK_2_10=''
HAVE_GTK_2_10_FALSE=''
HAVE_GTK_2_10_TRUE='#'
HAVE_GTK_2_12=''
HAVE_GTK_2_12_FALSE=''
HAVE_GTK_2_12_TRUE='#'
HAVE_GTK_2_14=''
HAVE_GTK_2_14_FALSE=''
HAVE_GTK_2_14_TRUE='#'
HAVE_GTK_2_16=''
HAVE_GTK_2_16_FALSE=''
HAVE_GTK_2_16_TRUE='#'
HAVE_GTK_2_18=''
HAVE_GTK_2_18_FALSE=''
HAVE_GTK_2_18_TRUE='#'
HAVE_GTK_2_20=''
HAVE_GTK_2_20_FALSE=''
HAVE_GTK_2_20_TRUE='#'
HAVE_GTK_2_22=''
HAVE_GTK_2_22_FALSE=''
HAVE_GTK_2_22_TRUE='#'
HAVE_GTK_2_24=''
HAVE_GTK_2_24_FALSE=''
HAVE_GTK_2_24_TRUE='#'
INSTALL_DATA='${INSTALL} -m 644'
INSTALL_PROGRAM='${INSTALL}'
INSTALL_SCRIPT='${INSTALL}'
INSTALL_STRIP_PROGRAM='$(install_sh) -c -s'
LD='/usr/bin/ld -m elf_x86_64'
LDFLAGS=''
LIBGLADE_CFLAGS=''
LIBGLADE_LIBS=''
LIBOBJS=''
LIBS=''
LIBTOOL='$(SHELL) $(top_builddir)/libtool'
LIPO=''
LN_S='ln -s'
LTLIBOBJS=''
MAKEINFO='${SHELL} /home/kidio/python/virtualEnv/hackernews/build/pygtk/missing --run makeinfo'
MKDIR_P='/bin/mkdir -p'
NM='/usr/bin/nm -B'
NMEDIT=''
OBJDUMP='objdump'
OBJEXT='o'
OS_WIN32_FALSE=''
OS_WIN32_TRUE='#'
OTOOL64=''
OTOOL=''
PACKAGE='pygtk'
PACKAGE_BUGREPORT='http://bugzilla.gnome.org/enter_bug.cgi?product=pygtk'
PACKAGE_NAME='pygtk'
PACKAGE_STRING='pygtk 2.24.0'
PACKAGE_TARNAME='pygtk'
PACKAGE_URL=''
PACKAGE_VERSION='2.24.0'
PANGOCAIRO_CFLAGS=''
PANGOCAIRO_LIBS=''
PANGO_CFLAGS=''
PANGO_LIBS=''
PATH_SEPARATOR=':'
PKG_CONFIG='/usr/bin/pkg-config'
PKG_CONFIG_LIBDIR=''
PKG_CONFIG_PATH=''
PLATFORM_WIN32_FALSE=''
PLATFORM_WIN32_TRUE='#'
PYCAIRO_CFLAGS=''
PYCAIRO_LIBS=''
PYGOBJECT_CFLAGS='-I/usr/include/glib-2.0 -I/usr/lib/x86_64-linux-gnu/glib-2.0/include -I/usr/include/pygtk-2.0  '
PYGOBJECT_DATADIR='/usr/share'
PYGOBJECT_DEFSDIR='/usr/share/pygobject/2.0/defs'
PYGOBJECT_FIXXREF='/usr/bin/python /usr/share/pygobject/xsl/fixxref.py'
PYGOBJECT_INCLUDEDIR='/usr/include/pygtk-2.0'
PYGOBJECT_LIBS='-lgobject-2.0 -lglib-2.0  '
PYGOBJECT_PYGDOCS='/usr/share/gtk-doc/html/pygobject'
PYGTK_CODEGEN_DEFINES=''
PYGTK_MAJOR_VERSION='2'
PYGTK_MICRO_VERSION='0'
PYGTK_MINOR_VERSION='24'
PYTHON='/usr/bin/python'
PYTHON_EXEC_PREFIX='${exec_prefix}'
PYTHON_INCLUDES='-I/usr/include/python2.7 -I/usr/include/python2.7'
PYTHON_PLATFORM='linux2'
PYTHON_PREFIX='${prefix}'
PYTHON_VERSION='2.7'
RANLIB='ranlib'
SED='/bin/sed'
SET_MAKE=''
SHELL='/bin/bash'
STRIP='strip'
THREADING_CFLAGS=''
VERSION='2.24.0'
XSLTPROC=''
ac_ct_CC='gcc'
ac_ct_DUMPBIN=''
am__EXEEXT_FALSE=''
am__EXEEXT_TRUE='#'
am__fastdepCC_FALSE='#'
am__fastdepCC_TRUE=''
am__include='include'
am__isrc=''
am__leading_dot='.'
am__quote=''
am__tar='${AMTAR} chof - "$$tardir"'
am__untar='${AMTAR} xf -'
bindir='${exec_prefix}/bin'
build='x86_64-unknown-linux-gnu'
build_alias=''
build_cpu='x86_64'
build_os='linux-gnu'
build_vendor='unknown'
datadir='${datarootdir}'
datarootdir='${prefix}/share'
docdir='${datarootdir}/doc/${PACKAGE_TARNAME}'
dvidir='${docdir}'
exec_prefix='${prefix}'
host='x86_64-unknown-linux-gnu'
host_alias=''
host_cpu='x86_64'
host_os='linux-gnu'
host_vendor='unknown'
htmldir='${docdir}'
includedir='${prefix}/include'
infodir='${datarootdir}/info'
install_sh='${SHELL} /home/kidio/python/virtualEnv/hackernews/build/pygtk/install-sh'
libdir='${exec_prefix}/lib'
libexecdir='${exec_prefix}/libexec'
localedir='${datarootdir}/locale'
localstatedir='${prefix}/var'
lt_ECHO='echo'
mandir='${datarootdir}/man'
mkdir_p='/bin/mkdir -p'
oldincludedir='/usr/include'
pdfdir='${docdir}'
pkgpyexecdir='${pyexecdir}/pygtk'
pkgpythondir='${pythondir}/pygtk'
prefix='/usr/local'
program_transform_name='s,x,x,'
psdir='${docdir}'
pyexecdir='${exec_prefix}/lib/python2.7/dist-packages'
pythondir='${prefix}/lib/python2.7/dist-packages'
sbindir='${exec_prefix}/sbin'
sharedstatedir='${prefix}/com'
sysconfdir='${prefix}/etc'
target_alias=''

## ----------- ##
## confdefs.h. ##
## ----------- ##

/* confdefs.h */
#define PACKAGE_NAME "pygtk"
#define PACKAGE_TARNAME "pygtk"
#define PACKAGE_VERSION "2.24.0"
#define PACKAGE_STRING "pygtk 2.24.0"
#define PACKAGE_BUGREPORT "http://bugzilla.gnome.org/enter_bug.cgi?product=pygtk"
#define PACKAGE_URL ""
#define PYGTK_MAJOR_VERSION 2
#define PYGTK_MINOR_VERSION 24
#define PYGTK_MICRO_VERSION 0
#define PACKAGE "pygtk"
#define VERSION "2.24.0"
#define HAVE_BIND_TEXTDOMAIN_CODESET 1
#define STDC_HEADERS 1
#define HAVE_SYS_TYPES_H 1
#define HAVE_SYS_STAT_H 1
#define HAVE_STDLIB_H 1
#define HAVE_STRING_H 1
#define HAVE_MEMORY_H 1
#define HAVE_STRINGS_H 1
#define HAVE_INTTYPES_H 1
#define HAVE_STDINT_H 1
#define HAVE_UNISTD_H 1
#define HAVE_DLFCN_H 1
#define LT_OBJDIR ".libs/"
#define HAVE_PYSIGNAL_SETWAKEUPFD 1
#define HAVE_NUMPY /**/

configure: exit 0

## ---------------------- ##
## Running config.status. ##
## ---------------------- ##

This file was extended by pygtk config.status 2.24.0, which was
generated by GNU Autoconf 2.67.  Invocation command line was

  CONFIG_FILES    = 
  CONFIG_HEADERS  = 
  CONFIG_LINKS    = 
  CONFIG_COMMANDS = 
  $ ./config.status Makefile depfiles

on kidio-ThinkPad-T430

config.status:1195: creating Makefile
config.status:1423: executing depfiles commands

## ---------------------- ##
## Running config.status. ##
## ---------------------- ##

This file was extended by pygtk config.status 2.24.0, which was
generated by GNU Autoconf 2.67.  Invocation command line was

  CONFIG_FILES    = 
  CONFIG_HEADERS  = 
  CONFIG_LINKS    = 
  CONFIG_COMMANDS = 
  $ ./config.status config.h

on kidio-ThinkPad-T430

config.status:1195: creating config.h
config.status:1375: config.h is unchanged

## ---------------------- ##
## Running config.status. ##
## ---------------------- ##

This file was extended by pygtk config.status 2.24.0, which was
generated by GNU Autoconf 2.67.  Invocation command line was

  CONFIG_FILES    = 
  CONFIG_HEADERS  = 
  CONFIG_LINKS    = 
  CONFIG_COMMANDS = 
  $ ./config.status examples/Makefile

on kidio-ThinkPad-T430

config.status:1195: creating examples/Makefile

## ---------------------- ##
## Running config.status. ##
## ---------------------- ##

This file was extended by pygtk config.status 2.24.0, which was
generated by GNU Autoconf 2.67.  Invocation command line was

  CONFIG_FILES    = 
  CONFIG_HEADERS  = 
  CONFIG_LINKS    = 
  CONFIG_COMMANDS = 
  $ ./config.status tests/Makefile

on kidio-ThinkPad-T430

config.status:1195: creating tests/Makefile

## ---------------------- ##
## Running config.status. ##
## ---------------------- ##

This file was extended by pygtk config.status 2.24.0, which was
generated by GNU Autoconf 2.67.  Invocation command line was

  CONFIG_FILES    = 
  CONFIG_HEADERS  = 
  CONFIG_LINKS    = 
  CONFIG_COMMANDS = 
  $ ./config.status docs/Makefile

on kidio-ThinkPad-T430

config.status:1195: creating docs/Makefile
